GameView: gridOcc[][][] BEFORE Land BEFORE UpdateGrid(), BEFORE onGameSave()
X0:    1  1  1  0  0
X1:    1  0  1  1  0
X2:    1  1  1  1  0
X3:    1  1  1  1  0
X4:    0  0  0  0  0
======= === =======
X0:    1  1  1  0  0
X1:    1  0  0  0  0
X2:    0  0  0  0  0
X3:    0  0  0  0  0`
X4:    0  0  0  0  0
======= === =======
X0:    1  1  0  0  0
X1:    0  0  0  0  0
X2:    0  0  0  0  0
X3:    0  0  0  0  0
X4:    0  0  0  0  0
======= === =======
ModelUpdateGrid() ViewManager.nextTetromino.name: TetrominoO
GameView: gridOcc[][][] AFTER Land  Update AFTER UpdteGrid(), BEFORE onGameSave()
X0:    1  1  1  1  1
X1:    1  0  1  1  0
X2:    1  1  1  1  0
X3:    1  1  1  1  0
X4:    0  0  0  0  0
======= === =======
X0:    1  1  1  1  1
X1:    1  0  0  0  0
X2:    0  0  0  0  0
X3:    0  0  0  0  0
X4:    0  0  0  0  0
======= === =======
X0:    1  1  0  0  0
X1:    0  0  0  0  0
X2:    0  0  0  0  0
X3:    0  0  0  0  0
X4:    0  0  0  0  0
======= === =======
GameViewModel onGameSave() ((MenuViewModel)ParentViewModel).saveGamePathFolderName: 
GameViewModel path.ToString(): C:/Users/blue_/AppData/LocalLow/DefaultCompany/trunk/grid5/game.save
GameViewModel prevPreview: TetrominoO
GameViewModel prevPreview2: TetrominoI
GameViewModel prevPreviewColor: -1
GameViewModel prevPreviewColor2: -1
GameViewModel comTetroType.Value: TetrominoI
GameData (gameMode == 0): True
TetrominoData TetrominoData type: TetrominoO
TetrominoData TetrominoData type: TetrominoZ
TetrominoData TetrominoData type: TetrominoJ
TetrominoData TetrominoData type: TetrominoI
TetrominoData TetrominoData type: TetrominoI
TetrominoData TetrominoData type: TetrominoZ
TetrominoData TetrominoData type: TetrominoZ
TetrominoData TetrominoData type: TetrominoS
TetrominoData TetrominoData type: TetrominoS
SaveSystemSaveGame() currentPath: C:/Users/blue_/AppData/LocalLow/DefaultCompany/trunk/grid5/game.save
deepwaterooo.tetris3d.SaveSystem:SaveGame(String, GameData) (at Assets\Scripts\deepwaterooo\tetris3d\SaveSystem.cs:20)
GameView (ViewModel.gameMode.Value == 0 && !GloData.Instance.isChallengeMode): True
ModelMono: DeleteRowCoroutine()
ModelMono: gridOcc[,,] IsFullQuadInLayerAt(y)
X0:    2  2  2  2  2
X1:    1  0  1  1  0
X2:    1  1  1  1  0
X3:    1  1  1  1  0
X4:    0  0  0  0  0
======= === =======
X0:    1  1  1  1  1 // <<<<<<<<<<<<<<<<<<<< 它是一层一层地检测地
X1:    1  0  0  0  0
X2:    0  0  0  0  0
X3:    0  0  0  0  0
X4:    0  0  0  0  0
======= === =======
X0:    1  1  0  0  0
X1:    0  0  0  0  0
X2:    0  0  0  0  0
X3:    0  0  0  0  0
X4:    0  0  0  0  0
======= === =======
ModelMono (GloData.Instance.isChallengeMode && Model.zoneSum == 4): False
ModelMono (!isDeleteMNinoAtCoroutineRunning): True
ModelMono: displayConnectedParticleEffects()
(x,y,z): [0, 0, 0]: 
PoolHelper GetFromPool() type: minoPS
(x,y,z): [0, 0, 1]: 
PoolHelper GetFromPool() type: minoPS
(x,y,z): [0, 0, 2]: 
PoolHelper GetFromPool() type: minoPS
(x,y,z): [0, 0, 3]: 
PoolHelper GetFromPool() type: minoPS
(x,y,z): [0, 0, 4]: 
PoolHelper GetFromPool() type: minoPS
PoolHelper recycleGhostTetromino
PoolHelper ViewManager.ghostTetromino.name: shadowO
EventManager RegisterListener<T>:　(typeof(T)): HotFix.Control.TetrominoLandEventInfo // <<<<<<<<<<<<<<<<<<<< 这里不知道是怎么回事
(x,y,z): [0,0,0]: 2
ModelMono Model.grid[x][y][z].parent.name: TetrominoZ
ModelMono Model.grid[x][y][z].parent.childCount: 3
ModelMono type.ToString(): minoZ
(x,y,z): [0,0,1]: 2
ModelMono Model.grid[x][y][z].parent.name: TetrominoZ
ModelMono Model.grid[x][y][z].parent.childCount: 2
ModelMono type.ToString(): minoZ
(x,y,z): [0,0,2]: 2
ModelMono Model.grid[x][y][z].parent.name: TetrominoZ
ModelMono Model.grid[x][y][z].parent.childCount: 4
ModelMono type.ToString(): minoZ
(x,y,z): [0,0,3]: 2
ModelMono Model.grid[x][y][z].parent.name: TetrominoO
ModelMono Model.grid[x][y][z].parent.childCount: 4
ModelMono type.ToString(): minoO
(x,y,z): [0,0,4]: 2
ModelMono Model.grid[x][y][z].parent.name: TetrominoO
ModelMono Model.grid[x][y][z].parent.childCount: 3
ModelMono type.ToString(): minoO
ModelMono: MoveAllRowsDown()
ModelMono: gridOcc[,,] IsFullQuadInLayerAt(y)
X0:    2  2  2  2  2
X1:    1  0  1  1  0
X2:    1  1  1  1  0
X3:    1  1  1  1  0
X4:    0  0  0  0  0
======= === =======
X0:    1  1  0  0  0
X1:    1  0  0  0  0
X2:    0  0  0  0  0
X3:    0  0  0  0  0
X4:    0  0  0  0  0
======= === =======
ModelMono (GloData.Instance.isChallengeMode && Model.zoneSum == 4): False
ModelMono (!isDeleteMNinoAtCoroutineRunning): False
ModelMono: MoveAllRowsDown()
ModelMono hasDeletedMinos: True
ModelMono: Model.gridOcc[][][] AFTER DeleteRowCoroutine()
X0:    1  1  0  0  0
X1:    1  0  1  1  0
X2:    1  1  1  1  0
X3:    1  1  1  1  0
X4:    0  0  0  0  0
======= === =======
X0:    0  0  0  0  0
X1:    1  0  0  0  0
X2:    0  0  0  0  0
X3:    0  0  0  0  0
X4:    0  0  0  0  0
======= === =======
GameViewonUndoGame() isDuringUndo: False
GameView (ViewModel.buttonInteractableList[2] == 0): False
GameView (ViewModel.buttonInteractableList[2] == 0 || GloData.Instance.isChallengeMode && ViewModel.undoCnter.Value == 0): False
GameViewModel: onUndoGame()
GameViewModel: recycleNextTetromino()
GameViewModel: onUndoGame() current board BEFORE respawn
X0:    1  1  0  0  0
X1:    1  0  1  1  0
X2:    1  1  1  1  0
X3:    1  1  1  1  0
X4:    0  0  0  0  0
======= === =======
X0:    0  0  0  0  0
X1:    1  0  0  0  0
X2:    0  0  0  0  0
X3:    0  0  0  0  0
X4:    0  0  0  0  0
======= === =======
GameViewModel gameData.parentList.Count: 8
LoadingSystemHelper LoadDataFromParentList() parentData.name: TetrominoZ
LoadingSystemHelper parentData.children.Count: 3
PoolHelper GetFromPool() type: TetrominoX
X0:    1  1  0  0  0
X1:    1  0  1  1  0
X2:    1  1  1  1  0
X3:    1  1  1  1  0
X4:    0  0  0  0  0
======= === =======
X0:    1  1  0  0  0
X1:    1  0  0  0  0
X2:    0  0  0  0  0
X3:    0  0  0  0  0
X4:    0  0  0  0  0
======= === =======
X0:    1  0  0  0  0
X1:    0  0  0  0  0
X2:    0  0  0  0  0
X3:    0  0  0  0  0
X4:    0  0  0  0  0
======= === =======
LoadingSystemHelper LoadDataFromParentList() parentData.name: TetrominoJ
LoadingSystemHelper parentData.children.Count: 3
LoadingSystemHelper tmpParentGO.name: TetrominoJ
LoadingSystemHelper tmpParentGO.transform.childCount: 3
LoadingSystemHelper (!gridMatchesSavedParent(tmpParentGO, parentData.children)): False
LoadingSystemHelper tmpParentGO.transform.childCount (filled needed -- final): 3
X0:    1  1  0  0  0
X1:    1  0  1  1  0
X2:    1  1  1  1  0
X3:    1  1  1  1  0
X4:    0  0  0  0  0
======= === =======
X0:    1  1  0  0  0
X1:    1  0  0  0  0
X2:    0  0  0  0  0
X3:    0  0  0  0  0
X4:    0  0  0  0  0
======= === =======
X0:    1  0  0  0  0
X1:    0  0  0  0  0
X2:    0  0  0  0  0
X3:    0  0  0  0  0
X4:    0  0  0  0  0
======= === =======
LoadingSystemHelper LoadDataFromParentList() parentData.name: TetrominoI
LoadingSystemHelper parentData.children.Count: 1
LoadingSystemHelper tmpParentGO.name: TetrominoI
LoadingSystemHelper tmpParentGO.transform.childCount: 1
LoadingSystemHelper (!gridMatchesSavedParent(tmpParentGO, parentData.children)): False
LoadingSystemHelper tmpParentGO.transform.childCount (filled needed -- final): 1
X0:    1  1  0  0  0
X1:    1  0  1  1  0
X2:    1  1  1  1  0
X3:    1  1  1  1  0
X4:    0  0  0  0  0
======= === =======
X0:    1  1  0  0  0
X1:    1  0  0  0  0
X2:    0  0  0  0  0
X3:    0  0  0  0  0
X4:    0  0  0  0  0
======= === =======
X0:    1  0  0  0  0
X1:    0  0  0  0  0
X2:    0  0  0  0  0
X3:    0  0  0  0  0
X4:    0  0  0  0  0
======= === =======
LoadingSystemHelper LoadDataFromParentList() parentData.name: TetrominoI
LoadingSystemHelper parentData.children.Count: 4
LoadingSystemHelper tmpParentGO.name: TetrominoI
LoadingSystemHelper tmpParentGO.transform.childCount: 4
LoadingSystemHelper (!gridMatchesSavedParent(tmpParentGO, parentData.children)): False
LoadingSystemHelper tmpParentGO.transform.childCount (filled needed -- final): 4
X0:    1  1  0  0  0
X1:    1  0  1  1  0
X2:    1  1  1  1  0
X3:    1  1  1  1  0
X4:    0  0  0  0  0
======= === =======
X0:    1  1  0  0  0
X1:    1  0  0  0  0
X2:    0  0  0  0  0
X3:    0  0  0  0  0
X4:    0  0  0  0  0
======= === =======
X0:    1  0  0  0  0
X1:    0  0  0  0  0
X2:    0  0  0  0  0
X3:    0  0  0  0  0
X4:    0  0  0  0  0
======= === =======
LoadingSystemHelper LoadDataFromParentList() parentData.name: TetrominoZ
LoadingSystemHelper parentData.children.Count: 1
LoadingSystemHelper tmpParentGO.name: TetrominoZ
LoadingSystemHelper tmpParentGO.transform.childCount: 1
LoadingSystemHelper (!gridMatchesSavedParent(tmpParentGO, parentData.children)): False
LoadingSystemHelper tmpParentGO.transform.childCount (filled needed -- final): 1
X0:    1  1  0  0  0
X1:    1  0  1  1  0
X2:    1  1  1  1  0
X3:    1  1  1  1  0
X4:    0  0  0  0  0
======= === =======
X0:    1  1  0  0  0
X1:    1  0  0  0  0
X2:    0  0  0  0  0
X3:    0  0  0  0  0
X4:    0  0  0  0  0
======= === =======
X0:    1  0  0  0  0
X1:    0  0  0  0  0
X2:    0  0  0  0  0
X3:    0  0  0  0  0
X4:    0  0  0  0  0
======= === =======
LoadingSystemHelper LoadDataFromParentList() parentData.name: TetrominoZ
LoadingSystemHelper parentData.children.Count: 4
LoadingSystemHelper tmpParentGO.name: TetrominoZ
LoadingSystemHelper tmpParentGO.transform.childCount: 3
LoadingSystemHelper (!gridMatchesSavedParent(tmpParentGO, parentData.children)): True
MathUtilities tmp(x, y, z): 0, 0, 2
MathUtilities tmp(x, y, z): 0, 0, 1 好像这里把不该删除的删除掉了　？
MathUtilities tmp(x, y, z): 0, 1, 1
LoadingSystemHelper tmpParentGO.transform.childCount (deleted unwanted): 3
MathUtilities tmp(x, y, z): 0, 0, 2
MathUtilities tmp(x, y, z): 0, 1, 2
LoadingSystemHelper tmpParentGO.transform.position: (0.0, 1.0, 2.0)
MathUtilities tmp(x, y, z): 0, 1, 1
MathUtilities tmp(x, y, z): 0, 2, 1
LoadingSystemHelper tmpParentGO.transform.position: (0.0, 1.0, 2.0)
LoadingSystemHelper tmpParentGO.transform.childCount (filled needed -- final): 5
X0:    1  0  0  0  0
X1:    1  0  1  1  0
X2:    1  1  1  1  0
X3:    1  1  1  1  0
X4:    0  0  0  0  0
======= === =======
X0:    1  1  1  0  0
X1:    1  0  0  0  0
X2:    0  0  0  0  0
X3:    0  0  0  0  0
X4:    0  0  0  0  0
======= === =======
X0:    1  1  0  0  0
X1:    0  0  0  0  0
X2:    0  0  0  0  0
X3:    0  0  0  0  0
X4:    0  0  0  0  0
======= === =======
LoadingSystemHelper LoadDataFromParentList() parentData.name: TetrominoS
LoadingSystemHelper parentData.children.Count: 2
LoadingSystemHelper tmpParentGO.name: TetrominoS
LoadingSystemHelper tmpParentGO.transform.childCount: 2
LoadingSystemHelper (!gridMatchesSavedParent(tmpParentGO, parentData.children)): False
LoadingSystemHelper tmpParentGO.transform.childCount (filled needed -- final): 2
X0:    1  0  0  0  0
X1:    1  0  1  1  0
X2:    1  1  1  1  0
X3:    1  1  1  1  0
X4:    0  0  0  0  0
======= === =======
X0:    1  1  1  0  0
X1:    1  0  0  0  0
X2:    0  0  0  0  0
X3:    0  0  0  0  0
X4:    0  0  0  0  0
======= === =======
X0:    1  1  0  0  0
X1:    0  0  0  0  0
X2:    0  0  0  0  0
X3:    0  0  0  0  0
X4:    0  0  0  0  0
======= === =======
LoadingSystemHelper LoadDataFromParentList() parentData.name: TetrominoS
LoadingSystemHelper parentData.children.Count: 2
LoadingSystemHelper tmpParentGO.name: TetrominoS
LoadingSystemHelper tmpParentGO.transform.childCount: 2
LoadingSystemHelper (!gridMatchesSavedParent(tmpParentGO, parentData.children)): False
LoadingSystemHelper tmpParentGO.transform.childCount (filled needed -- final): 2




X0:    1  0  0  0  0 // <<<<<<<<<<<<<<<<<<<< TO BUG  X0:    1  1  1  0  0
X1:    1  0  1  1  0
X2:    1  1  1  1  0
X3:    1  1  1  1  0
X4:    0  0  0  0  0
======= === =======
X0:    1  1  1  0  0
X1:    1  0  0  0  0
X2:    0  0  0  0  0
X3:    0  0  0  0  0
X4:    0  0  0  0  0
======= === =======
X0:    1  1  0  0  0
X1:    0  0  0  0  0
X2:    0  0  0  0  0
X3:    0  0  0  0  0
X4:    0  0  0  0  0
======= === =======

GameView onCameraPosChanged
Framework.MVVM.BindableProperty`1:ValueChanged(Vector3, Vector3) (at Assets\Scripts\Framework\MVVM\DataBinding\BindableProperty.cs:29)
Framework.MVVM.BindableProperty`1:set_Value(Vector3) (at Assets\Scripts\Framework\MVVM\DataBinding\BindableProperty.cs:23)
GameView onCameraRotChanged
Framework.MVVM.BindableProperty`1:ValueChanged(Quaternion, Quaternion) (at Assets\Scripts\Framework\MVVM\DataBinding\BindableProperty.cs:29)
Framework.MVVM.BindableProperty`1:set_Value(Quaternion) (at Assets\Scripts\Framework\MVVM\DataBinding\BindableProperty.cs:23)
GameView SpawnPreviewTetromino() type1 type2
GameView type1: TetrominoO
GameView type2: TetrominoI
PoolHelper GetFromPool() type: TetrominoO
PoolHelper GetFromPool() type: TetrominoI
GameView playFirstTetromino
EventManager: FireEvent() type + delta. type: 
MathUtilP tmp(x, y, z): 2, 11, 2
GameView SpawnGhostTetromino
PoolHelper GetFromPool() type: shadowO
GameView: SpawnPreviewTetromino()
GameViewModel: GetRandomTetromino()
GameView ViewModel.comTetroType.Value: TetrominoS
PoolHelper GetFromPool() type: TetrominoS
GameViewModel: GetRandomTetromino()
GameView ViewModel.eduTetroType.Value: TetrominoI
PoolHelper GetFromPool() type: TetrominoI
EventManager: FireEvent() type + delta. type: 
MathUtilP tmp(x, y, z): 0, -1, 0
EventManagerFireEvent() type: validMR; isMove: move
MathUtilP tmp(x, y, z): 0, -1, 0
EventManager: FireEvent() type: canvas
MoveCanvas CanvasToggledEventInfo
EventManager: FireEvent() type + delta. type: 
MathUtilP tmp(x, y, z): 0, -1, 0
EventManagerFireEvent() type: validMR; isMove: move
MathUtilP tmp(x, y, z): 0, -1, 0
EventManager: FireEvent() type + delta. type: 
MathUtilP tmp(x, y, z): 0, 90, 0
EventManager RegisterListener<T>:　(typeof(T)): HotFix.Control.TetrominoRotateEventInfo
EventManagerFireEvent() type: validMR; isMove: rotate
MathUtilP tmp(x, y, z): 0, 90, 0
EventManager: FireEvent() type + delta. type: 
MathUtilP tmp(x, y, z): 0, -1, 0
EventManagerFireEvent() type: validMR; isMove: move
MathUtilP tmp(x, y, z): 0, -1, 0
EventManager: FireEvent() type + delta. type: 
MathUtilP tmp(x, y, z): 0, 0, -90
EventManager RegisterListener<T>:　(typeof(T)): HotFix.Control.TetrominoRotateEventInfo
EventManagerFireEvent() type: validMR; isMove: rotate
MathUtilP tmp(x, y, z): 0, 0, -90
EventManager: FireEvent() type + delta. type: 
MathUtilP tmp(x, y, z): 0, -1, 0
EventManagerFireEvent() type: validMR; isMove: move
MathUtilP tmp(x, y, z): 0, -1, 0
EventManager: FireEvent() type + delta. type: 
MathUtilP tmp(x, y, z): -90, 0, 0
EventManager RegisterListener<T>:　(typeof(T)): HotFix.Control.TetrominoRotateEventInfo
EventManagerFireEvent() type: validMR; isMove: rotate
MathUtilP tmp(x, y, z): -90, 0, 0
EventManager: FireEvent() type + delta. type: 
MathUtilP tmp(x, y, z): 0, -1, 0
EventManagerFireEvent() type: validMR; isMove: move
MathUtilP tmp(x, y, z): 0, -1, 0
EventManager: FireEvent() type: canvas
RotateCanvas CanvasToggledEventInfo
EventManager: FireEvent() type + delta. type: 
MathUtilP tmp(x, y, z): 0, -1, 0
EventManagerFireEvent() type: validMR; isMove: move
MathUtilP tmp(x, y, z): 0, -1, 0
EventManager: FireEvent() type + delta. type: 
MathUtilP tmp(x, y, z): -1, 0, 0
EventManagerFireEvent() type: validMR; isMove: move
MathUtilP tmp(x, y, z): -1, 0, 0
EventManager: FireEvent() type + delta. type: 
MathUtilP tmp(x, y, z): -1, 0, 0
EventManagerFireEvent() type: validMR; isMove: move
MathUtilP tmp(x, y, z): -1, 0, 0
EventManager: FireEvent() type + delta. type: 
MathUtilP tmp(x, y, z): -1, 0, 0
EventManager: FireEvent() type + delta. type: 
MathUtilP tmp(x, y, z): 0, 0, 1
EventManagerFireEvent() type: validMR; isMove: move
MathUtilP tmp(x, y, z): 0, 0, 1
EventManager: FireEvent() type + delta. type: 
MathUtilP tmp(x, y, z): 0, -1, 0
EventManagerFireEvent() type: validMR; isMove: move
MathUtilP tmp(x, y, z): 0, -1, 0
EventManager: FireEvent() type + delta. type: 
MathUtilP tmp(x, y, z): 0, 0, 1
GameView OnClickFallFastButton
EventManager: FireEvent() type + delta. type: 
MathUtilP tmp(x, y, z): 0, -1, 0
EventManagerFireEvent() type: validMR; isMove: move
MathUtilP tmp(x, y, z): 0, -1, 0
EventManager: FireEvent() type + delta. type: 
MathUtilP tmp(x, y, z): 0, -1, 0
EventManagerFireEvent() type: validMR; isMove: move
MathUtilP tmp(x, y, z): 0, -1, 0
EventManager: FireEvent() type + delta. type: 
MathUtilP tmp(x, y, z): 0, -1, 0
EventManagerFireEvent() type: validMR; isMove: move
MathUtilP tmp(x, y, z): 0, -1, 0
EventManager: FireEvent() type: land
EventManager RegisterListener<T>:　(typeof(T)): HotFix.Control.TetrominoLandEventInfo
AudioManager onTetrominoLand
EventManager RegisterListener<T>:　(typeof(T)): HotFix.Control.TetrominoLandEventInfo
GameView: onActiveTetrominoLand()
GameView: gridOcc[][][] BEFORE Land BEFORE UpdateGrid(), BEFORE onGameSave()
X0:    1  0  0  0  0
X1:    1  0  1  1  0
X2:    1  1  1  1  0
X3:    1  1  1  1  0
X4:    0  0  0  0  0
======= === =======
X0:    1  1  1  0  0
X1:    1  0  0  0  0
X2:    0  0  0  0  0
X3:    0  0  0  0  0
X4:    0  0  0  0  0
======= === =======
X0:    1  1  0  0  0
X1:    0  0  0  0  0
X2:    0  0  0  0  0
X3:    0  0  0  0  0
X4:    0  0  0  0  0
======= === =======
ModelUpdateGrid() ViewManager.nextTetromino.name: TetrominoO
GameView: gridOcc[][][] AFTER Land  Update AFTER UpdteGrid(), BEFORE onGameSave()
X0:    1  0  0  1  1
X1:    1  0  1  1  0
X2:    1  1  1  1  0
X3:    1  1  1  1  0
X4:    0  0  0  0  0
======= === =======
X0:    1  1  1  1  1
X1:    1  0  0  0  0
X2:    0  0  0  0  0
X3:    0  0  0  0  0
X4:    0  0  0  0  0
======= === =======
X0:    1  1  0  0  0
X1:    0  0  0  0  0
X2:    0  0  0  0  0
X3:    0  0  0  0  0
X4:    0  0  0  0  0
======= === =======
GameViewModel onGameSave() ((MenuViewModel)ParentViewModel).saveGamePathFolderName: 
GameViewModel path.ToString(): C:/Users/blue_/AppData/LocalLow/DefaultCompany/trunk/grid5/game.save
GameViewModel prevPreview: TetrominoO
GameViewModel prevPreview2: TetrominoI
GameViewModel prevPreviewColor: -1
GameViewModel prevPreviewColor2: -1
GameViewModel comTetroType.Value: TetrominoS
GameData (gameMode == 0): True
TetrominoData TetrominoData type: TetrominoO
TetrominoData TetrominoData type: TetrominoZ
TetrominoData TetrominoData type: TetrominoJ
TetrominoData TetrominoData type: TetrominoI
TetrominoData TetrominoData type: TetrominoI
TetrominoData TetrominoData type: TetrominoZ
TetrominoData TetrominoData type: TetrominoZ
TetrominoData TetrominoData type: TetrominoS
TetrominoData TetrominoData type: TetrominoS
SaveSystemSaveGame() currentPath: C:/Users/blue_/AppData/LocalLow/DefaultCompany/trunk/grid5/game.save
deepwaterooo.tetris3d.SaveSystem:SaveGame(String, GameData) (at Assets\Scripts\deepwaterooo\tetris3d\SaveSystem.cs:20)
GameView (ViewModel.gameMode.Value == 0 && !GloData.Instance.isChallengeMode): True
ModelMono: DeleteRowCoroutine()
ModelMono: gridOcc[,,] IsFullQuadInLayerAt(y)
X0:    1  0  0  1  1
X1:    1  0  1  1  0
X2:    1  1  1  1  0
X3:    1  1  1  1  0
X4:    0  0  0  0  0
======= === =======
X0:    2  2  2  2  2
X1:    1  0  0  0  0
X2:    0  0  0  0  0
X3:    0  0  0  0  0
X4:    0  0  0  0  0
======= === =======
X0:    1  1  0  0  0
X1:    0  0  0  0  0
X2:    0  0  0  0  0
X3:    0  0  0  0  0
X4:    0  0  0  0  0
======= === =======
ModelMono (GloData.Instance.isChallengeMode && Model.zoneSum == 4): False
ModelMono (!isDeleteMNinoAtCoroutineRunning): True
ModelMono: displayConnectedParticleEffects()
(x,y,z): [0, 1, 0]: 
PoolHelper GetFromPool() type: minoPS
(x,y,z): [0, 1, 1]: 
PoolHelper GetFromPool() type: minoPS
(x,y,z): [0, 1, 2]: 
PoolHelper GetFromPool() type: minoPS
(x,y,z): [0, 1, 3]: 
PoolHelper GetFromPool() type: minoPS
(x,y,z): [0, 1, 4]: 
PoolHelper GetFromPool() type: minoPS
PoolHelper recycleGhostTetromino
PoolHelper ViewManager.ghostTetromino.name: shadowO(Clone)
GhostTetromino OnDisable()
Adaptor:OnDisable() (at Assets\Plugins\ILRuntime\Adapters\MonoBehaviourAdapter.cs:111)
EventManager RegisterListener<T>:　(typeof(T)): HotFix.Control.TetrominoLandEventInfo
(x,y,z): [0,1,0]: 2
ModelMono Model.grid[x][y][z].parent.name: TetrominoZ
ModelMono Model.grid[x][y][z].parent.childCount: 2
ModelMono type.ToString(): 
(x,y,z): [0,1,1]: 2
ModelMono Model.grid[x][y][z].parent.name: TetrominoZ
ModelMono Model.grid[x][y][z].parent.childCount: 5
ModelMono type.ToString(): minoZ
(x,y,z): [0,1,2]: 2
ModelMono Model.grid[x][y][z].parent.name: TetrominoZ
ModelMono Model.grid[x][y][z].parent.childCount: 4
ModelMono type.ToString(): 
(x,y,z): [0,1,3]: 2
ModelMono Model.grid[x][y][z].parent.name: TetrominoO
ModelMono Model.grid[x][y][z].parent.childCount: 4
ModelMono type.ToString(): minoO
(x,y,z): [0,1,4]: 2
ModelMono Model.grid[x][y][z].parent.name: TetrominoO
ModelMono Model.grid[x][y][z].parent.childCount: 3
ModelMono type.ToString(): minoO
ModelMono: MoveAllRowsDown()
ModelMono hasDeletedMinos: True
ModelMono: Model.gridOcc[][][] AFTER DeleteRowCoroutine()
X0:    1  0  0  1  1
X1:    1  0  1  1  0
X2:    1  1  1  1  0
X3:    1  1  1  1  0
X4:    0  0  0  0  0
======= === =======
X0:    1  1  0  0  0
X1:    1  0  0  0  0
X2:    0  0  0  0  0
X3:    0  0  0  0  0
X4:    0  0  0  0  0
======= === =======
GameView playSecondTetromino
GameView ViewModel.buttonInteractableList[1]: 1
GameViewModel (nextTetroRot.Value == null): False
EventManager: FireEvent() type + delta. type: 
MathUtilP tmp(x, y, z): 2, 11, 2
GameView SpawnGhostTetromino
PoolHelper GetFromPool() type: shadowI
GameView: SpawnPreviewTetromino()
GameViewModel: GetRandomTetromino()
GameView ViewModel.comTetroType.Value: TetrominoO
PoolHelper GetFromPool() type: TetrominoO
GameViewModel: GetRandomTetromino()
GameView ViewModel.eduTetroType.Value: TetrominoS
PoolHelper GetFromPool() type: TetrominoS
EventManager: FireEvent() type + delta. type: 
MathUtilP tmp(x, y, z): 0, -1, 0
EventManagerFireEvent() type: validMR; isMove: move
MathUtilP tmp(x, y, z): 0, -1, 0
EventManager: FireEvent() type + delta. type: 
MathUtilP tmp(x, y, z): 0, -1, 0
EventManagerFireEvent() type: validMR; isMove: move
MathUtilP tmp(x, y, z): 0, -1, 0
EventManager: FireEvent() type + delta. type: 
MathUtilP tmp(x, y, z): 0, 0, 1
EventManagerFireEvent() type: validMR; isMove: move
MathUtilP tmp(x, y, z): 0, 0, 1
EventManager: FireEvent() type + delta. type: 
MathUtilP tmp(x, y, z): 0, 0, 1
EventManagerFireEvent() type: validMR; isMove: move
MathUtilP tmp(x, y, z): 0, 0, 1
EventManager: FireEvent() type + delta. type: 
MathUtilP tmp(x, y, z): 0, -1, 0
EventManagerFireEvent() type: validMR; isMove: move
MathUtilP tmp(x, y, z): 0, -1, 0
GameView OnClickFallFastButton
EventManager: FireEvent() type + delta. type: 
MathUtilP tmp(x, y, z): 0, -1, 0
EventManagerFireEvent() type: validMR; isMove: move
MathUtilP tmp(x, y, z): 0, -1, 0
EventManager: FireEvent() type + delta. type: 
MathUtilP tmp(x, y, z): 0, -1, 0
EventManagerFireEvent() type: validMR; isMove: move
MathUtilP tmp(x, y, z): 0, -1, 0
EventManager: FireEvent() type + delta. type: 
MathUtilP tmp(x, y, z): 0, -1, 0
EventManagerFireEvent() type: validMR; isMove: move
MathUtilP tmp(x, y, z): 0, -1, 0
EventManager: FireEvent() type + delta. type: 
MathUtilP tmp(x, y, z): 0, -1, 0
EventManagerFireEvent() type: validMR; isMove: move
MathUtilP tmp(x, y, z): 0, -1, 0
EventManager: FireEvent() type + delta. type: 
MathUtilP tmp(x, y, z): 0, -1, 0
EventManagerFireEvent() type: validMR; isMove: move
MathUtilP tmp(x, y, z): 0, -1, 0
EventManager: FireEvent() type + delta. type: 
MathUtilP tmp(x, y, z): 0, -1, 0
EventManagerFireEvent() type: validMR; isMove: move
MathUtilP tmp(x, y, z): 0, -1, 0
EventManager: FireEvent() type + delta. type: 
MathUtilP tmp(x, y, z): 0, -1, 0
EventManagerFireEvent() type: validMR; isMove: move
MathUtilP tmp(x, y, z): 0, -1, 0
EventManager: FireEvent() type + delta. type: 
MathUtilP tmp(x, y, z): 0, -1, 0
EventManagerFireEvent() type: validMR; isMove: move
MathUtilP tmp(x, y, z): 0, -1, 0
EventManager: FireEvent() type: land
EventManager RegisterListener<T>:　(typeof(T)): HotFix.Control.TetrominoLandEventInfo
AudioManager onTetrominoLand
EventManager RegisterListener<T>:　(typeof(T)): HotFix.Control.TetrominoLandEventInfo
GameView: onActiveTetrominoLand()
GameView: gridOcc[][][] BEFORE Land BEFORE UpdateGrid(), BEFORE onGameSave()
X0:    1  0  0  1  1
X1:    1  0  1  1  0
X2:    1  1  1  1  0
X3:    1  1  1  1  0
X4:    0  0  0  0  0
======= === =======
X0:    1  1  0  0  0
X1:    1  0  0  0  0
X2:    0  0  0  0  0
X3:    0  0  0  0  0
X4:    0  0  0  0  0
======= === =======
ModelUpdateGrid() ViewManager.nextTetromino.name: TetrominoI
GameView: gridOcc[][][] AFTER Land  Update AFTER UpdteGrid(), BEFORE onGameSave()
X0:    1  0  0  1  1
X1:    1  0  1  1  1
X2:    1  1  1  1  1
X3:    1  1  1  1  1
X4:    0  0  0  0  1
======= === =======
X0:    1  1  0  0  0
X1:    1  0  0  0  0
X2:    0  0  0  0  0
X3:    0  0  0  0  0
X4:    0  0  0  0  0
======= === =======
GameViewModel onGameSave() ((MenuViewModel)ParentViewModel).saveGamePathFolderName: 
GameViewModel path.ToString(): C:/Users/blue_/AppData/LocalLow/DefaultCompany/trunk/grid5/game.save
GameViewModel prevPreview: TetrominoS
GameViewModel prevPreview2: TetrominoI
GameViewModel prevPreviewColor: -1
GameViewModel prevPreviewColor2: -1
GameViewModel comTetroType.Value: TetrominoO
GameData (gameMode == 0): True
TetrominoData TetrominoData type: TetrominoI
TetrominoData TetrominoData type: TetrominoZ
TetrominoData TetrominoData type: TetrominoJ
TetrominoData TetrominoData type: TetrominoI
TetrominoData TetrominoData type: TetrominoI
TetrominoData TetrominoData type: TetrominoZ
TetrominoData TetrominoData type: TetrominoZ
TetrominoData TetrominoData type: TetrominoS
TetrominoData TetrominoData type: TetrominoS
TetrominoData TetrominoData type: TetrominoO
SaveSystemSaveGame() currentPath: C:/Users/blue_/AppData/LocalLow/DefaultCompany/trunk/grid5/game.save
deepwaterooo.tetris3d.SaveSystem:SaveGame(String, GameData) (at Assets\Scripts\deepwaterooo\tetris3d\SaveSystem.cs:20)
GameView (ViewModel.gameMode.Value == 0 && !GloData.Instance.isChallengeMode): True
ModelMono: DeleteRowCoroutine()
ModelMono: gridOcc[,,] IsFullQuadInLayerAt(y)
X0:    1  0  0  1  2
X1:    1  0  1  1  2
X2:    2  2  2  2  2
X3:    2  2  2  2  2
X4:    0  0  0  0  2
======= === =======
X0:    1  1  0  0  0
X1:    1  0  0  0  0
X2:    0  0  0  0  0
X3:    0  0  0  0  0
X4:    0  0  0  0  0
======= === =======
ModelMono (GloData.Instance.isChallengeMode && Model.zoneSum == 4): False
ModelMono (!isDeleteMNinoAtCoroutineRunning): True
ModelMono: displayConnectedParticleEffects()
(x,y,z): [0, 0, 4]: 
PoolHelper GetFromPool() type: minoPS
(x,y,z): [1, 0, 4]: 
PoolHelper GetFromPool() type: minoPS
(x,y,z): [2, 0, 0]: 
PoolHelper GetFromPool() type: minoPS
(x,y,z): [2, 0, 1]: 
PoolHelper GetFromPool() type: minoPS
(x,y,z): [2, 0, 2]: 
PoolHelper GetFromPool() type: minoPS
(x,y,z): [2, 0, 3]: 
PoolHelper GetFromPool() type: minoPS
(x,y,z): [2, 0, 4]: 
PoolHelper GetFromPool() type: minoPS
(x,y,z): [3, 0, 0]: 
PoolHelper GetFromPool() type: minoPS
(x,y,z): [3, 0, 1]: 
PoolHelper GetFromPool() type: minoPS
(x,y,z): [3, 0, 2]: 
PoolHelper GetFromPool() type: minoPS
(x,y,z): [3, 0, 3]: 
PoolHelper GetFromPool() type: minoPS
(x,y,z): [3, 0, 4]: 
PoolHelper GetFromPool() type: minoPS
(x,y,z): [4, 0, 4]: 
PoolHelper GetFromPool() type: minoPS
PoolHelper recycleGhostTetromino
PoolHelper ViewManager.ghostTetromino.name: shadowI
GhostTetromino OnDisable()
Adaptor:OnDisable() (at Assets\Plugins\ILRuntime\Adapters\MonoBehaviourAdapter.cs:111)
EventManager RegisterListener<T>:　(typeof(T)): HotFix.Control.TetrominoLandEventInfo
(x,y,z): [0,0,4]: 2
ModelMono Model.grid[x][y][z].parent.name: TetrominoO
ModelMono Model.grid[x][y][z].parent.childCount: 2
ModelMono type.ToString(): minoO
(x,y,z): [1,0,4]: 2
ModelMono Model.grid[x][y][z].parent.name: TetrominoI
ModelMono Model.grid[x][y][z].parent.childCount: 4
ModelMono type.ToString(): minoI
(x,y,z): [2,0,0]: 2
ModelMono Model.grid[x][y][z].parent.name: TetrominoI
ModelMono Model.grid[x][y][z].parent.childCount: 1
(x,y,z): [2,0,1]: 2
ModelMono Model.grid[x][y][z].parent.name: TetrominoZ
ModelMono Model.grid[x][y][z].parent.childCount: 1
(x,y,z): [2,0,2]: 2
ModelMono Model.grid[x][y][z].parent.name: TetrominoS
ModelMono Model.grid[x][y][z].parent.childCount: 2
ModelMono type.ToString(): 
(x,y,z): [2,0,3]: 2
ModelMono Model.grid[x][y][z].parent.name: TetrominoS
ModelMono Model.grid[x][y][z].parent.childCount: 1
(x,y,z): [2,0,4]: 2
ModelMono Model.grid[x][y][z].parent.name: TetrominoI
ModelMono Model.grid[x][y][z].parent.childCount: 3
ModelMono type.ToString(): minoI
(x,y,z): [3,0,0]: 2
ModelMono Model.grid[x][y][z].parent.name: TetrominoI
ModelMono Model.grid[x][y][z].parent.childCount: 4
ModelMono type.ToString(): minoI
(x,y,z): [3,0,1]: 2
ModelMono Model.grid[x][y][z].parent.name: TetrominoI
ModelMono Model.grid[x][y][z].parent.childCount: 3
ModelMono type.ToString(): minoI
(x,y,z): [3,0,2]: 2
ModelMono Model.grid[x][y][z].parent.name: TetrominoI
ModelMono Model.grid[x][y][z].parent.childCount: 2
ModelMono type.ToString(): minoI
(x,y,z): [3,0,3]: 2
ModelMono Model.grid[x][y][z].parent.name: TetrominoI
ModelMono Model.grid[x][y][z].parent.childCount: 1
(x,y,z): [3,0,4]: 2
ModelMono Model.grid[x][y][z].parent.name: TetrominoI
ModelMono Model.grid[x][y][z].parent.childCount: 2
ModelMono type.ToString(): minoI
(x,y,z): [4,0,4]: 2
ModelMono Model.grid[x][y][z].parent.name: TetrominoI
ModelMono Model.grid[x][y][z].parent.childCount: 1
ModelMono: MoveAllRowsDown()
ModelMono hasDeletedMinos: True
ModelMono: Model.gridOcc[][][] AFTER DeleteRowCoroutine()
X0:    1  0  0  1  0
X1:    1  0  1  1  0
X2:    0  0  0  0  0
X3:    0  0  0  0  0
X4:    0  0  0  0  0
======= === =======
X0:    1  1  0  0  0
X1:    1  0  0  0  0
X2:    0  0  0  0  0
X3:    0  0  0  0  0
X4:    0  0  0  0  0
======= === =======
GameViewonUndoGame() isDuringUndo: False
GameView (ViewModel.buttonInteractableList[2] == 0): False
GameView (ViewModel.buttonInteractableList[2] == 0 || GloData.Instance.isChallengeMode && ViewModel.undoCnter.Value == 0): False
GameViewModel: onUndoGame()
GameViewModel: recycleNextTetromino()
GameViewModel: onUndoGame() current board BEFORE respawn
X0:    1  0  0  1  0
X1:    1  0  1  1  0
X2:    0  0  0  0  0
X3:    0  0  0  0  0
X4:    0  0  0  0  0
======= === =======
X0:    1  1  0  0  0
X1:    1  0  0  0  0
X2:    0  0  0  0  0
X3:    0  0  0  0  0
X4:    0  0  0  0  0
======= === =======
GameViewModel gameData.parentList.Count: 9
LoadingSystemHelper LoadDataFromParentList() parentData.name: TetrominoZ
LoadingSystemHelper parentData.children.Count: 1
LoadingSystemHelper tmpParentGO.name: TetrominoZ
LoadingSystemHelper tmpParentGO.transform.childCount: 1
LoadingSystemHelper (!gridMatchesSavedParent(tmpParentGO, parentData.children)): False
LoadingSystemHelper tmpParentGO.transform.childCount (filled needed -- final): 1
X0:    1  0  0  1  0
X1:    1  0  1  1  0
X2:    0  0  0  0  0
X3:    0  0  0  0  0
X4:    0  0  0  0  0
======= === =======
X0:    1  1  0  0  0
X1:    1  0  0  0  0
X2:    0  0  0  0  0
X3:    0  0  0  0  0
X4:    0  0  0  0  0
======= === =======
LoadingSystemHelper LoadDataFromParentList() parentData.name: TetrominoJ
LoadingSystemHelper parentData.children.Count: 3
LoadingSystemHelper tmpParentGO.name: TetrominoJ
LoadingSystemHelper tmpParentGO.transform.childCount: 3
LoadingSystemHelper (!gridMatchesSavedParent(tmpParentGO, parentData.children)): False
LoadingSystemHelper tmpParentGO.transform.childCount (filled needed -- final): 3
X0:    1  0  0  1  0
X1:    1  0  1  1  0
X2:    0  0  0  0  0
X3:    0  0  0  0  0
X4:    0  0  0  0  0
======= === =======
X0:    1  1  0  0  0
X1:    1  0  0  0  0
X2:    0  0  0  0  0
X3:    0  0  0  0  0
X4:    0  0  0  0  0
======= === =======
LoadingSystemHelper LoadDataFromParentList() parentData.name: TetrominoI
LoadingSystemHelper parentData.children.Count: 1
PoolHelper GetFromPool() type: TetrominoX
X0:    1  0  0  1  0
X1:    1  0  1  1  0
X2:    1  0  0  0  0
X3:    0  0  0  0  0
X4:    0  0  0  0  0
======= === =======
X0:    1  1  0  0  0
X1:    1  0  0  0  0
X2:    0  0  0  0  0
X3:    0  0  0  0  0
X4:    0  0  0  0  0
======= === =======
LoadingSystemHelper LoadDataFromParentList() parentData.name: TetrominoI
LoadingSystemHelper parentData.children.Count: 4
PoolHelper GetFromPool() type: TetrominoX
X0:    1  0  0  1  0
X1:    1  0  1  1  0
X2:    1  0  0  0  0
X3:    1  1  1  1  0
X4:    0  0  0  0  0
======= === =======
X0:    1  1  0  0  0
X1:    1  0  0  0  0
X2:    0  0  0  0  0
X3:    0  0  0  0  0
X4:    0  0  0  0  0
======= === =======
LoadingSystemHelper LoadDataFromParentList() parentData.name: TetrominoZ
LoadingSystemHelper parentData.children.Count: 1
PoolHelper GetFromPool() type: TetrominoX
X0:    1  0  0  1  0
X1:    1  0  1  1  0
X2:    1  1  0  0  0
X3:    1  1  1  1  0
X4:    0  0  0  0  0
======= === =======
X0:    1  1  0  0  0
X1:    1  0  0  0  0
X2:    0  0  0  0  0
X3:    0  0  0  0  0
X4:    0  0  0  0  0
======= === =======
LoadingSystemHelper LoadDataFromParentList() parentData.name: TetrominoZ
LoadingSystemHelper parentData.children.Count: 3
LoadingSystemHelper tmpParentGO.name: TetrominoZ
LoadingSystemHelper tmpParentGO.transform.childCount: 3
LoadingSystemHelper (!gridMatchesSavedParent(tmpParentGO, parentData.children)): False
LoadingSystemHelper tmpParentGO.transform.childCount (filled needed -- final): 3
X0:    1  0  0  1  0
X1:    1  0  1  1  0
X2:    1  1  0  0  0
X3:    1  1  1  1  0
X4:    0  0  0  0  0
======= === =======
X0:    1  1  0  0  0
X1:    1  0  0  0  0
X2:    0  0  0  0  0
X3:    0  0  0  0  0
X4:    0  0  0  0  0
======= === =======
LoadingSystemHelper LoadDataFromParentList() parentData.name: TetrominoS
LoadingSystemHelper parentData.children.Count: 2
LoadingSystemHelper tmpParentGO.name: TetrominoS
LoadingSystemHelper tmpParentGO.transform.childCount: 2
LoadingSystemHelper (!gridMatchesSavedParent(tmpParentGO, parentData.children)): False
LoadingSystemHelper tmpParentGO.transform.childCount (filled needed -- final): 2
X0:    1  0  0  1  0
X1:    1  0  1  1  0
X2:    1  1  0  0  0
X3:    1  1  1  1  0
X4:    0  0  0  0  0
======= === =======
X0:    1  1  0  0  0
X1:    1  0  0  0  0
X2:    0  0  0  0  0
X3:    0  0  0  0  0
X4:    0  0  0  0  0
======= === =======
LoadingSystemHelper LoadDataFromParentList() parentData.name: TetrominoS
LoadingSystemHelper parentData.children.Count: 2
PoolHelper GetFromPool() type: TetrominoX
X0:    1  0  0  1  0
X1:    1  0  1  1  0
X2:    1  1  1  1  0
X3:    1  1  1  1  0
X4:    0  0  0  0  0
======= === =======
X0:    1  1  0  0  0
X1:    1  0  0  0  0
X2:    0  0  0  0  0
X3:    0  0  0  0  0
X4:    0  0  0  0  0
======= === =======
LoadingSystemHelper LoadDataFromParentList() parentData.name: TetrominoO
LoadingSystemHelper parentData.children.Count: 2
LoadingSystemHelper tmpParentGO.name: TetrominoO
LoadingSystemHelper tmpParentGO.transform.childCount: 1
LoadingSystemHelper (!gridMatchesSavedParent(tmpParentGO, parentData.children)): True
MathUtilities tmp(x, y, z): 0, 0, 3
LoadingSystemHelper tmpParentGO.transform.childCount (deleted unwanted): 1
MathUtilities tmp(x, y, z): 0, 0, 3
MathUtilities tmp(x, y, z): 0, 0, 4
LoadingSystemHelper tmpParentGO.transform.position: (0.0, 1.0, 3.0)
LoadingSystemHelper tmpParentGO.transform.childCount (filled needed -- final): 2
X0:    1  0  0  1  1
X1:    1  0  1  1  0
X2:    1  1  1  1  0
X3:    1  1  1  1  0
X4:    0  0  0  0  0
======= === =======
X0:    1  1  0  0  0
X1:    1  0  0  0  0
X2:    0  0  0  0  0
X3:    0  0  0  0  0
X4:    0  0  0  0  0
======= === =======
GameView SpawnPreviewTetromino() type1 type2
GameView type1: TetrominoS
GameView type2: TetrominoI
PoolHelper GetFromPool() type: TetrominoS
PoolHelper GetFromPool() type: TetrominoI
GameView playSecondTetromino
GameView ViewModel.buttonInteractableList[1]: 1
GameViewModel (nextTetroRot.Value == null): False
EventManager: FireEvent() type + delta. type: 
MathUtilP tmp(x, y, z): 2, 11, 2
GameView SpawnGhostTetromino
PoolHelper GetFromPool() type: shadowI
GameView: SpawnPreviewTetromino()
GameViewModel: GetRandomTetromino()
GameView ViewModel.comTetroType.Value: TetrominoL
PoolHelper GetFromPool() type: TetrominoL
GameViewModel: GetRandomTetromino()
GameView ViewModel.eduTetroType.Value: TetrominoZ
PoolHelper GetFromPool() type: TetrominoZ
EventManager: FireEvent() type + delta. type: 
MathUtilP tmp(x, y, z): 0, -1, 0
EventManagerFireEvent() type: validMR; isMove: move
MathUtilP tmp(x, y, z): 0, -1, 0
EventManager: FireEvent() type + delta. type: 
MathUtilP tmp(x, y, z): 0, 0, 1
EventManagerFireEvent() type: validMR; isMove: move
MathUtilP tmp(x, y, z): 0, 0, 1
EventManager: FireEvent() type + delta. type: 
MathUtilP tmp(x, y, z): 0, 0, 1
EventManagerFireEvent() type: validMR; isMove: move
MathUtilP tmp(x, y, z): 0, 0, 1
EventManager: FireEvent() type + delta. type: 
MathUtilP tmp(x, y, z): 0, -1, 0
EventManagerFireEvent() type: validMR; isMove: move
MathUtilP tmp(x, y, z): 0, -1, 0
GameView OnClickFallFastButton
EventManager: FireEvent() type + delta. type: 
MathUtilP tmp(x, y, z): 0, -1, 0
EventManagerFireEvent() type: validMR; isMove: move
MathUtilP tmp(x, y, z): 0, -1, 0
EventManager: FireEvent() type + delta. type: 
MathUtilP tmp(x, y, z): 0, -1, 0
EventManagerFireEvent() type: validMR; isMove: move
MathUtilP tmp(x, y, z): 0, -1, 0
EventManager: FireEvent() type + delta. type: 
MathUtilP tmp(x, y, z): 0, -1, 0
EventManagerFireEvent() type: validMR; isMove: move
MathUtilP tmp(x, y, z): 0, -1, 0
EventManager: FireEvent() type + delta. type: 
MathUtilP tmp(x, y, z): 0, -1, 0
EventManagerFireEvent() type: validMR; isMove: move
MathUtilP tmp(x, y, z): 0, -1, 0
EventManager: FireEvent() type + delta. type: 
MathUtilP tmp(x, y, z): 0, -1, 0
EventManagerFireEvent() type: validMR; isMove: move
MathUtilP tmp(x, y, z): 0, -1, 0
EventManager: FireEvent() type + delta. type: 
MathUtilP tmp(x, y, z): 0, -1, 0
EventManagerFireEvent() type: validMR; isMove: move
MathUtilP tmp(x, y, z): 0, -1, 0
EventManager: FireEvent() type + delta. type: 
MathUtilP tmp(x, y, z): 0, -1, 0
EventManagerFireEvent() type: validMR; isMove: move
MathUtilP tmp(x, y, z): 0, -1, 0
EventManager: FireEvent() type + delta. type: 
MathUtilP tmp(x, y, z): 0, -1, 0
EventManagerFireEvent() type: validMR; isMove: move
MathUtilP tmp(x, y, z): 0, -1, 0
EventManager: FireEvent() type + delta. type: 
MathUtilP tmp(x, y, z): 0, -1, 0
EventManagerFireEvent() type: validMR; isMove: move
MathUtilP tmp(x, y, z): 0, -1, 0
EventManager: FireEvent() type: land
EventManager RegisterListener<T>:　(typeof(T)): HotFix.Control.TetrominoLandEventInfo
AudioManager onTetrominoLand
EventManager RegisterListener<T>:　(typeof(T)): HotFix.Control.TetrominoLandEventInfo
GameView: onActiveTetrominoLand()
GameView: gridOcc[][][] BEFORE Land BEFORE UpdateGrid(), BEFORE onGameSave()
X0:    1  0  0  1  1
X1:    1  0  1  1  0
X2:    1  1  1  1  0
X3:    1  1  1  1  0
X4:    0  0  0  0  0
======= === =======
X0:    1  1  0  0  0
X1:    1  0  0  0  0
X2:    0  0  0  0  0
X3:    0  0  0  0  0
X4:    0  0  0  0  0
======= === =======
ModelUpdateGrid() ViewManager.nextTetromino.name: TetrominoI
GameView: gridOcc[][][] AFTER Land  Update AFTER UpdteGrid(), BEFORE onGameSave()
X0:    1  0  0  1  1
X1:    1  0  1  1  1
X2:    1  1  1  1  1
X3:    1  1  1  1  1
X4:    0  0  0  0  1
======= === =======
X0:    1  1  0  0  0
X1:    1  0  0  0  0
X2:    0  0  0  0  0
X3:    0  0  0  0  0
X4:    0  0  0  0  0
======= === =======
GameViewModel onGameSave() ((MenuViewModel)ParentViewModel).saveGamePathFolderName: 
GameViewModel path.ToString(): C:/Users/blue_/AppData/LocalLow/DefaultCompany/trunk/grid5/game.save
GameViewModel prevPreview: TetrominoS
GameViewModel prevPreview2: TetrominoI
GameViewModel prevPreviewColor: -1
GameViewModel prevPreviewColor2: -1
GameViewModel comTetroType.Value: TetrominoL
GameData (gameMode == 0): True
TetrominoData TetrominoData type: TetrominoI
TetrominoData TetrominoData type: TetrominoZ
TetrominoData TetrominoData type: TetrominoJ
TetrominoData TetrominoData type: TetrominoI
TetrominoData TetrominoData type: TetrominoI
TetrominoData TetrominoData type: TetrominoZ
TetrominoData TetrominoData type: TetrominoZ
TetrominoData TetrominoData type: TetrominoS
TetrominoData TetrominoData type: TetrominoS
TetrominoData TetrominoData type: TetrominoO
SaveSystemSaveGame() currentPath: C:/Users/blue_/AppData/LocalLow/DefaultCompany/trunk/grid5/game.save
deepwaterooo.tetris3d.SaveSystem:SaveGame(String, GameData) (at Assets\Scripts\deepwaterooo\tetris3d\SaveSystem.cs:20)
GameView (ViewModel.gameMode.Value == 0 && !GloData.Instance.isChallengeMode): True
ModelMono: DeleteRowCoroutine()
ModelMono: gridOcc[,,] IsFullQuadInLayerAt(y)
X0:    1  0  0  1  2
X1:    1  0  1  1  2
X2:    2  2  2  2  2
X3:    2  2  2  2  2
X4:    0  0  0  0  2
======= === =======
X0:    1  1  0  0  0
X1:    1  0  0  0  0
X2:    0  0  0  0  0
X3:    0  0  0  0  0
X4:    0  0  0  0  0
======= === =======
ModelMono (GloData.Instance.isChallengeMode && Model.zoneSum == 4): False
ModelMono (!isDeleteMNinoAtCoroutineRunning): True
ModelMono: displayConnectedParticleEffects()
(x,y,z): [0, 0, 4]: 
PoolHelper GetFromPool() type: minoPS
(x,y,z): [1, 0, 4]: 
PoolHelper GetFromPool() type: minoPS
(x,y,z): [2, 0, 0]: 
PoolHelper GetFromPool() type: minoPS
(x,y,z): [2, 0, 1]: 
PoolHelper GetFromPool() type: minoPS
(x,y,z): [2, 0, 2]: 
PoolHelper GetFromPool() type: minoPS
(x,y,z): [2, 0, 3]: 
PoolHelper GetFromPool() type: minoPS
(x,y,z): [2, 0, 4]: 
PoolHelper GetFromPool() type: minoPS
(x,y,z): [3, 0, 0]: 
PoolHelper GetFromPool() type: minoPS
(x,y,z): [3, 0, 1]: 
PoolHelper GetFromPool() type: minoPS
(x,y,z): [3, 0, 2]: 
PoolHelper GetFromPool() type: minoPS
(x,y,z): [3, 0, 3]: 
PoolHelper GetFromPool() type: minoPS
(x,y,z): [3, 0, 4]: 
PoolHelper GetFromPool() type: minoPS
(x,y,z): [4, 0, 4]: 
PoolHelper GetFromPool() type: minoPS
PoolHelper recycleGhostTetromino
PoolHelper ViewManager.ghostTetromino.name: shadowI
GhostTetromino OnDisable()
Adaptor:OnDisable() (at Assets\Plugins\ILRuntime\Adapters\MonoBehaviourAdapter.cs:111)
EventManager RegisterListener<T>:　(typeof(T)): HotFix.Control.TetrominoLandEventInfo
(x,y,z): [0,0,4]: 2
ModelMono Model.grid[x][y][z].parent.name: TetrominoO
ModelMono Model.grid[x][y][z].parent.childCount: 2
ModelMono type.ToString(): 
(x,y,z): [1,0,4]: 2
ModelMono Model.grid[x][y][z].parent.name: TetrominoI
ModelMono Model.grid[x][y][z].parent.childCount: 4
ModelMono type.ToString(): minoI
(x,y,z): [2,0,0]: 2
ModelMono Model.grid[x][y][z].parent.name: TetrominoI
ModelMono Model.grid[x][y][z].parent.childCount: 1
(x,y,z): [2,0,1]: 2
ModelMono Model.grid[x][y][z].parent.name: TetrominoZ
ModelMono Model.grid[x][y][z].parent.childCount: 1
(x,y,z): [2,0,2]: 2
ModelMono Model.grid[x][y][z].parent.name: TetrominoS
ModelMono Model.grid[x][y][z].parent.childCount: 2
ModelMono type.ToString(): 
(x,y,z): [2,0,3]: 2
ModelMono Model.grid[x][y][z].parent.name: TetrominoS
ModelMono Model.grid[x][y][z].parent.childCount: 1
(x,y,z): [2,0,4]: 2
ModelMono Model.grid[x][y][z].parent.name: TetrominoI
ModelMono Model.grid[x][y][z].parent.childCount: 3
ModelMono type.ToString(): minoI
(x,y,z): [3,0,0]: 2
ModelMono Model.grid[x][y][z].parent.name: TetrominoI
ModelMono Model.grid[x][y][z].parent.childCount: 4
ModelMono type.ToString(): 
(x,y,z): [3,0,1]: 2
ModelMono Model.grid[x][y][z].parent.name: TetrominoI
ModelMono Model.grid[x][y][z].parent.childCount: 3
ModelMono type.ToString(): 
(x,y,z): [3,0,2]: 2
ModelMono Model.grid[x][y][z].parent.name: TetrominoI
ModelMono Model.grid[x][y][z].parent.childCount: 2
ModelMono type.ToString(): 
(x,y,z): [3,0,3]: 2
ModelMono Model.grid[x][y][z].parent.name: TetrominoI
ModelMono Model.grid[x][y][z].parent.childCount: 1
(x,y,z): [3,0,4]: 2
ModelMono Model.grid[x][y][z].parent.name: TetrominoI
ModelMono Model.grid[x][y][z].parent.childCount: 2
ModelMono type.ToString(): minoI
(x,y,z): [4,0,4]: 2
ModelMono Model.grid[x][y][z].parent.name: TetrominoI
ModelMono Model.grid[x][y][z].parent.childCount: 1
ModelMono: MoveAllRowsDown()
ModelMono hasDeletedMinos: True
ModelMono: Model.gridOcc[][][] AFTER DeleteRowCoroutine()
X0:    1  0  0  1  0
X1:    1  0  1  1  0
X2:    0  0  0  0  0
X3:    0  0  0  0  0
X4:    0  0  0  0  0
======= === =======
X0:    1  1  0  0  0
X1:    1  0  0  0  0
X2:    0  0  0  0  0
X3:    0  0  0  0  0
X4:    0  0  0  0  0
======= === =======
Refresh: detecting if any assets need to be imported or removed ... Refresh: elapses 0.068014 seconds
Refreshing native plugins compatible for Editor in 0.90 ms, found 6 plugins.
Preloading 2 native plugins for Editor in 0.10 ms.
----- Total AssetImport time: 0.043490s, AssetImport time: 0.000000s, Asset hashing: 0.000000s [0 B, 0.000000 mb/s]
GameView playFirstTetromino
EventManager: FireEvent() type + delta. type: 
MathUtilP tmp(x, y, z): 2, 11, 2
GameView SpawnGhostTetromino
PoolHelper GetFromPool() type: shadowL
GameView: SpawnPreviewTetromino()
GameViewModel: GetRandomTetromino()
GameView ViewModel.comTetroType.Value: TetrominoI
PoolHelper GetFromPool() type: TetrominoI
GameViewModel: GetRandomTetromino()
GameView ViewModel.eduTetroType.Value: TetrominoS
PoolHelper GetFromPool() type: TetrominoS
EventManager: FireEvent() type + delta. type: 
MathUtilP tmp(x, y, z): 0, -1, 0
EventManagerFireEvent() type: validMR; isMove: move
MathUtilP tmp(x, y, z): 0, -1, 0
EventManager: FireEvent() type + delta. type: 
MathUtilP tmp(x, y, z): 0, -1, 0
EventManagerFireEvent() type: validMR; isMove: move
MathUtilP tmp(x, y, z): 0, -1, 0
EventManager: FireEvent() type: canvas
MoveCanvas CanvasToggledEventInfo
EventManager: FireEvent() type + delta. type: 
MathUtilP tmp(x, y, z): 0, -1, 0
EventManagerFireEvent() type: validMR; isMove: move
MathUtilP tmp(x, y, z): 0, -1, 0
EventManager: FireEvent() type + delta. type: 
MathUtilP tmp(x, y, z): -90, 0, 0
EventManager RegisterListener<T>:　(typeof(T)): HotFix.Control.TetrominoRotateEventInfo
EventManagerFireEvent() type: validMR; isMove: rotate
MathUtilP tmp(x, y, z): -90, 0, 0
EventManager: FireEvent() type + delta. type: 
MathUtilP tmp(x, y, z): -90, 0, 0
EventManager RegisterListener<T>:　(typeof(T)): HotFix.Control.TetrominoRotateEventInfo
EventManagerFireEvent() type: validMR; isMove: rotate
MathUtilP tmp(x, y, z): -90, 0, 0
EventManager: FireEvent() type + delta. type: 
MathUtilP tmp(x, y, z): 0, -1, 0
EventManagerFireEvent() type: validMR; isMove: move
MathUtilP tmp(x, y, z): 0, -1, 0
EventManager: FireEvent() type + delta. type: 
MathUtilP tmp(x, y, z): -90, 0, 0
EventManager RegisterListener<T>:　(typeof(T)): HotFix.Control.TetrominoRotateEventInfo
EventManagerFireEvent() type: validMR; isMove: rotate
MathUtilP tmp(x, y, z): -90, 0, 0
EventManager: FireEvent() type: canvas
RotateCanvas CanvasToggledEventInfo
EventManager: FireEvent() type + delta. type: 
MathUtilP tmp(x, y, z): 0, -1, 0
EventManagerFireEvent() type: validMR; isMove: move
MathUtilP tmp(x, y, z): 0, -1, 0
EventManager: FireEvent() type + delta. type: 
MathUtilP tmp(x, y, z): 0, 0, 1
EventManagerFireEvent() type: validMR; isMove: move
MathUtilP tmp(x, y, z): 0, 0, 1
EventManager: FireEvent() type + delta. type: 
MathUtilP tmp(x, y, z): 0, 0, 1
EventManagerFireEvent() type: validMR; isMove: move
MathUtilP tmp(x, y, z): 0, 0, 1
EventManager: FireEvent() type + delta. type: 
MathUtilP tmp(x, y, z): 0, 0, 1
EventManager: FireEvent() type + delta. type: 
MathUtilP tmp(x, y, z): 0, -1, 0
EventManagerFireEvent() type: validMR; isMove: move
MathUtilP tmp(x, y, z): 0, -1, 0
EventManager: FireEvent() type + delta. type: 
MathUtilP tmp(x, y, z): -1, 0, 0
EventManagerFireEvent() type: validMR; isMove: move
MathUtilP tmp(x, y, z): -1, 0, 0
EventManager: FireEvent() type + delta. type: 
MathUtilP tmp(x, y, z): -1, 0, 0
EventManager: FireEvent() type + delta. type: 
MathUtilP tmp(x, y, z): 0, -1, 0
EventManagerFireEvent() type: validMR; isMove: move
MathUtilP tmp(x, y, z): 0, -1, 0
GameView OnClickFallFastButton
EventManager: FireEvent() type + delta. type: 
MathUtilP tmp(x, y, z): 0, -1, 0
EventManagerFireEvent() type: validMR; isMove: move
MathUtilP tmp(x, y, z): 0, -1, 0
EventManager: FireEvent() type + delta. type: 
MathUtilP tmp(x, y, z): 0, -1, 0
EventManagerFireEvent() type: validMR; isMove: move
MathUtilP tmp(x, y, z): 0, -1, 0
EventManager: FireEvent() type + delta. type: 
MathUtilP tmp(x, y, z): 0, -1, 0
EventManagerFireEvent() type: validMR; isMove: move
MathUtilP tmp(x, y, z): 0, -1, 0
EventManager: FireEvent() type + delta. type: 
MathUtilP tmp(x, y, z): 0, -1, 0
EventManagerFireEvent() type: validMR; isMove: move
MathUtilP tmp(x, y, z): 0, -1, 0
EventManager: FireEvent() type: land
EventManager RegisterListener<T>:　(typeof(T)): HotFix.Control.TetrominoLandEventInfo
AudioManager onTetrominoLand
EventManager RegisterListener<T>:　(typeof(T)): HotFix.Control.TetrominoLandEventInfo
GameView: onActiveTetrominoLand()
GameView: gridOcc[][][] BEFORE Land BEFORE UpdateGrid(), BEFORE onGameSave()
X0:    1  0  0  1  0
X1:    1  0  1  1  0
X2:    0  0  0  0  0
X3:    0  0  0  0  0
X4:    0  0  0  0  0
======= === =======
X0:    1  1  0  0  0
X1:    1  0  0  0  0
X2:    0  0  0  0  0
X3:    0  0  0  0  0
X4:    0  0  0  0  0
======= === =======
ModelUpdateGrid() ViewManager.nextTetromino.name: TetrominoL
GameView: gridOcc[][][] AFTER Land  Update AFTER UpdteGrid(), BEFORE onGameSave()
X0:    1  0  0  1  1
X1:    1  0  1  1  1
X2:    0  0  0  0  1
X3:    0  0  0  0  0
X4:    0  0  0  0  0
======= === =======
X0:    1  1  0  0  1
X1:    1  0  0  0  0
X2:    0  0  0  0  0
X3:    0  0  0  0  0
X4:    0  0  0  0  0
======= === =======
GameViewModel onGameSave() ((MenuViewModel)ParentViewModel).saveGamePathFolderName: 
GameViewModel path.ToString(): C:/Users/blue_/AppData/LocalLow/DefaultCompany/trunk/grid5/game.save
GameViewModel prevPreview: TetrominoL
GameViewModel prevPreview2: TetrominoZ
GameViewModel prevPreviewColor: -1
GameViewModel prevPreviewColor2: -1
GameViewModel comTetroType.Value: TetrominoI
GameData (gameMode == 0): True
TetrominoData TetrominoData type: TetrominoL
TetrominoData TetrominoData type: TetrominoZ
TetrominoData TetrominoData type: TetrominoJ
TetrominoData TetrominoData type: TetrominoZ
TetrominoData TetrominoData type: TetrominoS
TetrominoData TetrominoData type: TetrominoO
SaveSystemSaveGame() currentPath: C:/Users/blue_/AppData/LocalLow/DefaultCompany/trunk/grid5/game.save
deepwaterooo.tetris3d.SaveSystem:SaveGame(String, GameData) (at Assets\Scripts\deepwaterooo\tetris3d\SaveSystem.cs:20)
GameView (ViewModel.gameMode.Value == 0 && !GloData.Instance.isChallengeMode): True
ModelMono: DeleteRowCoroutine()
ModelMono hasDeletedMinos: True
ModelMono: Model.gridOcc[][][] AFTER DeleteRowCoroutine()
X0:    1  0  0  1  1
X1:    1  0  1  1  1
X2:    0  0  0  0  1
X3:    0  0  0  0  0
X4:    0  0  0  0  0
======= === =======
X0:    1  1  0  0  1
X1:    1  0  0  0  0
X2:    0  0  0  0  0
X3:    0  0  0  0  0
X4:    0  0  0  0  0
======= === =======
PoolHelper recycleGhostTetromino
PoolHelper ViewManager.ghostTetromino.name: shadowL
GhostTetromino OnDisable()
Adaptor:OnDisable() (at Assets\Plugins\ILRuntime\Adapters\MonoBehaviourAdapter.cs:111)
EventManager RegisterListener<T>:　(typeof(T)): HotFix.Control.TetrominoLandEventInfo
A BUG TO BE REVIEW AN FIXE THE FIRST THING IN THE MORNING TOMORROW.
LOVE MY EAR COUSIN!!! I AM NOT ABLE TO TYPE ABC_EFG IN THIS SYSLOG-MO_E!
LOVE MY EAR COUSIN!!!
