HotFixMain.Start()
Framework.ResMgr.AssetLoader`1:LoadOver(TextAsset) (at Assets\Scripts\Framework\ResMgr\AssetLoader\AssetLoader.cs:62)
Framework.ResMgr.<LoadAssetFromBundleAsync>c__Iterator0:MoveNext() (at Assets\Scripts\Framework\ResMgr\AssetLoader\AssetLoader.cs:56)
MenuView OnInitialize()
MenuView (conButton == null): False
MenuViewModel Initialization()
(Filename: C:\buildslave\unity\build\Runtime/Mono/MonoBehaviour.cpp Line: 1753)
(Filename: C:\buildslave\unity\build\Runtime/Mono/MonoBehaviour.cpp Line: 1753)
(Filename: C:\buildslave\unity\build\Runtime/Mono/MonoBehaviour.cpp Line: 1753)
(Filename: C:\buildslave\unity\build\Runtime/Mono/MonoBehaviour.cpp Line: 1753)
[C:\buildslave\unity\build\Runtime/Mono/MonoBehaviour.cpp line 1753] 
[C:\buildslave\unity\build\Runtime/Mono/MonoBehaviour.cpp line 1753] 
[C:\buildslave\unity\build\Runtime/Mono/MonoBehaviour.cpp line 1753] 
[C:\buildslave\unity\build\Runtime/Mono/MonoBehaviour.cpp line 1753] 
[C:\buildslave\unity\build\Runtime/Mono/MonoBehaviour.cpp line 1753] 
[C:\buildslave\unity\build\Runtime/Mono/MonoBehaviour.cpp line 1753] 
[C:\buildslave\unity\build\Runtime/Mono/MonoBehaviour.cpp line 1753] 
[C:\buildslave\unity\build\Runtime/Mono/MonoBehaviour.cpp line 1753] 
[C:\buildslave\unity\build\Runtime/Mono/MonoBehaviour.cpp line 1753] 
[C:\buildslave\unity\build\Runtime/Mono/MonoBehaviour.cpp line 1753] 
[C:\buildslave\unity\build\Runtime/Mono/MonoBehaviour.cpp line 1753] 
[C:\buildslave\unity\build\Runtime/Mono/MonoBehaviour.cpp line 1753] 
[C:\buildslave\unity\build\Runtime/Mono/MonoBehaviour.cpp line 1753] 
[C:\buildslave\unity\build\Runtime/Mono/MonoBehaviour.cpp line 1753] 
[C:\buildslave\unity\build\Runtime/Mono/MonoBehaviour.cpp line 1753] 
[C:\buildslave\unity\build\Runtime/Mono/MonoBehaviour.cpp line 1753] 
[C:\buildslave\unity\build\Runtime/Mono/MonoBehaviour.cpp line 1753] 
[C:\buildslave\unity\build\Runtime/Mono/MonoBehaviour.cpp line 1753] 
[C:\buildslave\unity\build\Runtime/Mono/MonoBehaviour.cpp line 1753] 
[C:\buildslave\unity\build\Runtime/Mono/MonoBehaviour.cpp line 1753] 
[C:\buildslave\unity\build\Runtime/Mono/MonoBehaviour.cpp line 1753] 
[C:\buildslave\unity\build\Runtime/Mono/MonoBehaviour.cpp line 1753] 
[C:\buildslave\unity\build\Runtime/Mono/MonoBehaviour.cpp line 1753] 
[C:\buildslave\unity\build\Runtime/Mono/MonoBehaviour.cpp line 1753] 
[C:\buildslave\unity\build\Runtime/Mono/MonoBehaviour.cpp line 1753] 
[C:\buildslave\unity\build\Runtime/Mono/MonoBehaviour.cpp line 1753] 
[C:\buildslave\unity\build\Runtime/Mono/MonoBehaviour.cpp line 1753] 
[C:\buildslave\unity\build\Runtime/Mono/MonoBehaviour.cpp line 1753] 
[C:\buildslave\unity\build\Runtime/Mono/MonoBehaviour.cpp line 1753] 
[C:\buildslave\unity\build\Runtime/Mono/MonoBehaviour.cpp line 1753] 
[C:\buildslave\unity\build\Runtime/Mono/MonoBehaviour.cpp line 1753] 
[C:\buildslave\unity\build\Runtime/Mono/MonoBehaviour.cpp line 1753] 
[C:\buildslave\unity\build\Runtime/Mono/MonoBehaviour.cpp line 1753] 
[C:\buildslave\unity\build\Runtime/Mono/MonoBehaviour.cpp line 1753] 
[C:\buildslave\unity\build\Runtime/Mono/MonoBehaviour.cpp line 1753] 
[C:\buildslave\unity\build\Runtime/Mono/MonoBehaviour.cpp line 1753] 
[C:\buildslave\unity\build\Runtime/Mono/MonoBehaviour.cpp line 1753] 
[C:\buildslave\unity\build\Runtime/Mono/MonoBehaviour.cpp line 1753] 
[C:\buildslave\unity\build\Runtime/Mono/MonoBehaviour.cpp line 1753] 
[C:\buildslave\unity\build\Runtime/Mono/MonoBehaviour.cpp line 1753] 
[C:\buildslave\unity\build\Runtime/Mono/MonoBehaviour.cpp line 1753] 
[C:\buildslave\unity\build\Runtime/Mono/MonoBehaviour.cpp line 1753] 
Refresh: detecting if any assets need to be imported or removed ... 
Hashing assets ... 0.000 seconds
  file open: 0.000 seconds (2 files)
  file read: 0.000 seconds (0.000 MB)
  hash: 0.000 seconds
----- Compute hash(es) for 1 asset(s).
Refresh: elapses 0.068186 seconds
Updating Assets/StreamingAssets/build_info.txt - GUID: 2b98d79a31b67f240b948cecd464e7f9...
 done. [Time: 12.765300 ms] 
Refreshing native plugins compatible for Editor in 0.78 ms, found 6 plugins.
Preloading 2 native plugins for Editor in 0.13 ms.
----- Total AssetImport time: 0.118034s, AssetImport time: 0.062953s, Asset hashing: 0.000610s [248 B, 0.387787 mb/s]
MenuView OnClickEduButton()
MenuView OnClickConfirmButton()
MenuView offerGameLoadChoice()
GloData getFilePath() path.ToString(): C:/Users/blue_/AppData/LocalLow/DefaultCompany/trunk/educational/grid5/game.save
MenuView offerGameLoadChoice() load new game
EventManager: FireEvent() type: entergame
GameView OnInitialize()
GameView RegisterListeners
GameViewModel Initialization()
GameViewModel modelArraysInitiation()
GameViewModel: gridClr[,,]  after modelArraysInitiation()
GameViewModel onGameLevelChanged() cur: 1
GameViewModel GloData.Instance.maxXWidth: 10
GameViewModel GloData.Instance.maxZWidth: 9
GameViewModel OnFinishReveal
GameViewModel Model.gridWidth: 5
GameViewModel Model.gridXWidth: 5
GameViewModel Model.gridZWidth: 5
GameViewModel modelArraysReset() Model.gridOcc: 
EventManager: FireEvent() type: arrReady
GameViewModel gameMode.Value: 0
GameView onNumLinesCleared() cur: 0
GameView onTetroCnterChanged() cur: 0
GameViewModel onGameModeChanged(): cur: -1
GameViewModel onGameModeChanged(): cur: 0
GameView onGameModeChanged():  cur: 0
GameView (cur == 0 && GloData.Instance.isChallengeMode): False
GameViewModel onGridSizeChanged() cur: 2
GameViewModel Model.gridWidth: 2
GameViewModel Model.gridXWidth: 2
GameViewModel Model.gridZWidth: 2
GameViewModel modelArraysReset() Model.gridOcc: 
GameViewModel onGridSizeChanged() cur: 5
GameViewModel Model.gridWidth: 5
GameViewModel Model.gridXWidth: 5
GameViewModel Model.gridZWidth: 5
GameViewModel modelArraysReset() Model.gridOcc: 
GameView onGridSizeChanged() cur: 5
GameView onChallengeLevelChanged() cur: 0
GameViewModel onChallengeLevelChanged() cur: 0
GameViewModel Model.gridWidth: 5
GameViewModel Model.gridXWidth: 5
GameViewModel Model.gridZWidth: 5
GameViewModel modelArraysReset() Model.gridOcc: 
GameView onCamPosChanged cur: (14.1, 23.1, -1.7)
GameView onCamRotChanged cur: (0.3, -0.5, 0.2, 0.7)
GameView Start(GameEnterEventInfo info)
GameView: LoadNewGame()
GameViewModel: LoadNewGame()
GameViewModel onGameLevelChanged() cur: 0
GameView: SpawnnextTetromino() gameStarted: False
GameView: SpawnPreviewTetromino()
GameViewModel: GetRandomTetromino()
GameView ViewModel.comTetroType.Value: TetrominoO
PoolHelper GetFromPool() type: TetrominoO
GameViewModel: GetRandomTetromino()
GameView ViewModel.eduTetroType.Value: TetrominoY
PoolHelper GetFromPool() type: TetrominoY
UnityGuiView Hide() for debugging GameView Hiding
GameView playSecondTetromino
GameView onTetroCnterChanged() cur: -1
GameView onTetroCnterChanged() cur: -1
PoolHelper ReturnToPool() type: TetrominoO
GameViewModel (nextTetroRot.Value == null): False
GameView SpawnGhostTetromino
GameView: GetGhostTetrominoType()
PoolHelper GetFromPool() type: shadowY
GameView: SpawnPreviewTetromino()
GameViewModel: GetRandomTetromino()
GameView ViewModel.comTetroType.Value: TetrominoS
PoolHelper GetFromPool() type: TetrominoS
GameViewModel: GetRandomTetromino()
GameView ViewModel.eduTetroType.Value: TetrominoI
PoolHelper GetFromPool() type: TetrominoI
GameView OnClickFallFastButton
EventManager: FireEvent() type: land
AudioManager onTetrominoLand
GameView: onActiveTetrominoLand()
GameView: gridOcc[][][] BEFORE Land BEFORE UpdateGrid()
(x,y,z): [2, 0, 2]: 
(x,y,z): [2, 0, 1]: 
(x,y,z): [3, 0, 1]: 
(x,y,z): [2, 1, 2]: 
Model UpdateGrid() ViewManager.nextTetromino.name: TetrominoY
GameView: gridOcc[][][] AFTER Land  Update AFTER UpdteGrid(); BEFORE onGameSave()
X0:    0  0  0  0  0  
X1:    0  0  0  0  0  
X2:    0  1  1  0  0  
X3:    0  1  0  0  0  
X4:    0  0  0  0  0  
==========================================
X0:    0  0  0  0  0  
X1:    0  0  0  0  0  
X2:    0  0  1  0  0  
X3:    0  0  0  0  0  
X4:    0  0  0  0  0  
==========================================
GameView: gridClr[,,] aft Land UpdateGrid(), bef onGameSave()
GameView (initCubes == null): False
GameViewModel: onGameSave()
GameViewModel currentScore.Value: 0
GameViewModel prevPreview: TetrominoO
GameViewModel prevPreview2: TetrominoY
GameViewModel prevPreviewColor: -1
GameViewModel prevPreviewColor2: -1
GameViewModel comTetroType.Value: TetrominoS
GameData listSize: 300
GameData isCurrentlyActiveTetromino: True
TetrominoData TetrominoData() type: TetrominoY
GloData getFilePath() path.ToString(): C:/Users/blue_/AppData/LocalLow/DefaultCompany/trunk/educational/grid5/game.save
GameView: gridClr[,,] aft Land UpdateGrid(), AFTER onGameSave()
PoolHelper recycleGhostTetromino
PoolHelper ViewManager.ghostTetromino.name: shadowY
PoolHelper ReturnToPool() type: shadowY
ModelMono visDeleteJ: -1
ModelMono visDeleteJ: -1
ModelMono visDeleteJ: -1
ModelMono visDeleteJ: -1
ModelMono visDeleteJ: -1
ModelMono visDeleteJ: -1
ModelMono visDeleteJ: -1
ModelMono visDeleteJ: -1
ModelMono visDeleteJ: -1
ModelMono visDeleteJ: -1
ModelMono visDeleteJ: -1
ModelMono visDeleteJ: -1
ModelMono hasDeletedMinos: False
ModelMono: Model.gridOcc[][][] AFTER DeleteRowCoroutine()
X0:    0  0  0  0  0  
X1:    0  0  0  0  0  
X2:    0  1  1  0  0  
X3:    0  1  0  0  0  
X4:    0  0  0  0  0  
==========================================
X0:    0  0  0  0  0  
X1:    0  0  0  0  0  
X2:    0  0  1  0  0  
X3:    0  0  0  0  0  
X4:    0  0  0  0  0  
==========================================
GameView Model.CheckIsAboveGrid(ComponentHelper.GetTetroComponent(ViewManager.nextTetromino)): False
